<?xml version="1.0" encoding="UTF-8" ?>
<testsuite tests="34" failures="0" name="by.artem.TestConvertNumToText" time="0.194" errors="0" skipped="0">
  <properties>
[...]
</properties>
  <testcase classname="by.artem.TestConvertNumToText" name="checkingConvert[0: ноль, 0]" time="0.017"/>
  <testcase classname="by.artem.TestConvertNumToText" name="checkingConvert[1: один, 1]" time="0.094"/>
  <testcase classname="by.artem.TestConvertNumToText" name="checkingConvert[2: два, 2]" time="0.038"/>
  <testcase classname="by.artem.TestConvertNumToText" name="checkingConvert[3: три, 3]" time="0"/>
  <testcase classname="by.artem.TestConvertNumToText" name="checkingConvert[4: четыре, 4]" time="0"/>
  <testcase classname="by.artem.TestConvertNumToText" name="checkingConvert[5: пять, 5]" time="0"/>
  <testcase classname="by.artem.TestConvertNumToText" name="checkingConvert[6: шесть, 6]" time="0"/>
  <testcase classname="by.artem.TestConvertNumToText" name="checkingConvert[7: семь, 7]" time="0"/>
  <testcase classname="by.artem.TestConvertNumToText" name="checkingConvert[8: восемь, 8]" time="0"/>
  <testcase classname="by.artem.TestConvertNumToText" name="checkingConvert[9: девять, 9]" time="0"/>
  <testcase classname="by.artem.TestConvertNumToText" name="checkingConvert[10: десять, 10]" time="0"/>
  <testcase classname="by.artem.TestConvertNumToText" name="checkingConvert[11: одиннадцать, 11]" time="0"/>
  <testcase classname="by.artem.TestConvertNumToText" name="checkingConvert[12: двенадцать, 12]" time="0"/>
  <testcase classname="by.artem.TestConvertNumToText" name="checkingConvert[13: тринадцать, 13]" time="0.001"/>
  <testcase classname="by.artem.TestConvertNumToText" name="checkingConvert[14: четырнадцать, 14]" time="0.001"/>
  <testcase classname="by.artem.TestConvertNumToText" name="checkingConvert[15: пятнадцать, 15]" time="0.002"/>
  <testcase classname="by.artem.TestConvertNumToText" name="checkingConvert[16: шестнадцать, 16]" time="0.002"/>
  <testcase classname="by.artem.TestConvertNumToText" name="checkingConvert[17: семнадцать, 17]" time="0.001"/>
  <testcase classname="by.artem.TestConvertNumToText" name="checkingConvert[18: восемнадцать, 18]" time="0.001"/>
  <testcase classname="by.artem.TestConvertNumToText" name="checkingConvert[19: девятнадцать, 19]" time="0.001"/>
  <testcase classname="by.artem.TestConvertNumToText" name="checkingConvert[20: сорок, 40]" time="0.001"/>
  <testcase classname="by.artem.TestConvertNumToText" name="checkingConvert[21: семьдесят один, 71]" time="0.003"/>
  <testcase classname="by.artem.TestConvertNumToText" name="checkingConvert[22: сто, 100]" time="0.001"/>
  <testcase classname="by.artem.TestConvertNumToText" name="checkingConvert[23: двести два, 202]" time="0.001"/>
  <testcase classname="by.artem.TestConvertNumToText" name="checkingConvert[24: пятьсот пятьдесят пять, 555]" time="0.001"/>
  <testcase classname="by.artem.TestConvertNumToText" name="checkingConvert[25: триста десять, 310]" time="0.001"/>
  <testcase classname="by.artem.TestConvertNumToText" name="checkingConvert[26: девятьсот девяносто девять, 999]" time="0.001"/>
  <testcase classname="by.artem.TestConvertNumToText" name="checkingConvert[27: два миллиарда сто сорок семь миллионов четыреста восемьдесят три тысячи шестьсот сорок семь, 2147483647]" time="0.004"/>
  <testcase classname="by.artem.TestConvertNumToText" name="checkingConvert[28: минус один миллион одиннадцать, -1000011]" time="0.014"/>
  <testcase classname="by.artem.TestConvertNumToText" name="checkingConvert[29: сто двадцать три миллиона четыреста пятьдесят шесть тысяч семьсот восемьдесят девять, 123456789]" time="0.001"/>
  <testcase classname="by.artem.TestConvertNumToText" name="checkingConvert[30: две тысячи, 2000]" time="0.001"/>
  <testcase classname="by.artem.TestConvertNumToText" name="checkingConvert[31: одна тысяча, 1000]" time="0.004"/>
  <testcase classname="by.artem.TestConvertNumToText" name="checkingConvert[32: один миллион, 1000000]" time="0.002"/>
  <testcase classname="by.artem.TestConvertNumToText" name="checkingConvert[33: два миллиона, 2000000]" time="0.001"/>
</testsuite>